[debug] [2025-10-14T15:06:29.881Z] ----------------------------------------------------------------------
[debug] [2025-10-14T15:06:29.882Z] Command:       /opt/homebrew/Cellar/node/24.7.0/bin/node /opt/homebrew/bin/firebase deploy --only functions
[debug] [2025-10-14T15:06:29.882Z] CLI Version:   14.19.1
[debug] [2025-10-14T15:06:29.882Z] Platform:      darwin
[debug] [2025-10-14T15:06:29.882Z] Node Version:  v24.7.0
[debug] [2025-10-14T15:06:29.882Z] Time:          Tue Oct 14 2025 11:06:29 GMT-0400 (Eastern Daylight Time)
[debug] [2025-10-14T15:06:29.882Z] ----------------------------------------------------------------------
[debug] 
[debug] [2025-10-14T15:06:29.949Z] Object "" in "firebase.json" has unknown property: {"additionalProperty":"type"}
[debug] [2025-10-14T15:06:29.951Z] > command requires scopes: ["email","openid","https://www.googleapis.com/auth/cloudplatformprojects.readonly","https://www.googleapis.com/auth/firebase","https://www.googleapis.com/auth/cloud-platform"]
[debug] [2025-10-14T15:06:29.951Z] > authorizing via signed-in user (jlc565@cornell.edu)
[debug] [2025-10-14T15:06:29.951Z] [iam] checking project redi-1c25e for permissions ["cloudfunctions.functions.create","cloudfunctions.functions.delete","cloudfunctions.functions.get","cloudfunctions.functions.list","cloudfunctions.functions.update","cloudfunctions.operations.get","firebase.projects.get"]
[debug] [2025-10-14T15:06:29.952Z] Checked if tokens are valid: true, expires at: 1760456359016
[debug] [2025-10-14T15:06:29.952Z] Checked if tokens are valid: true, expires at: 1760456359016
[debug] [2025-10-14T15:06:29.952Z] >>> [apiv2][query] POST https://cloudresourcemanager.googleapis.com/v1/projects/redi-1c25e:testIamPermissions [none]
[debug] [2025-10-14T15:06:29.952Z] >>> [apiv2][(partial)header] POST https://cloudresourcemanager.googleapis.com/v1/projects/redi-1c25e:testIamPermissions x-goog-quota-user=projects/redi-1c25e
[debug] [2025-10-14T15:06:29.952Z] >>> [apiv2][body] POST https://cloudresourcemanager.googleapis.com/v1/projects/redi-1c25e:testIamPermissions {"permissions":["cloudfunctions.functions.create","cloudfunctions.functions.delete","cloudfunctions.functions.get","cloudfunctions.functions.list","cloudfunctions.functions.update","cloudfunctions.operations.get","firebase.projects.get"]}
[debug] [2025-10-14T15:06:30.179Z] <<< [apiv2][status] POST https://cloudresourcemanager.googleapis.com/v1/projects/redi-1c25e:testIamPermissions 200
[debug] [2025-10-14T15:06:30.179Z] <<< [apiv2][body] POST https://cloudresourcemanager.googleapis.com/v1/projects/redi-1c25e:testIamPermissions {"permissions":["cloudfunctions.functions.create","cloudfunctions.functions.delete","cloudfunctions.functions.get","cloudfunctions.functions.list","cloudfunctions.functions.update","cloudfunctions.operations.get","firebase.projects.get"]}
[debug] [2025-10-14T15:06:30.179Z] Checked if tokens are valid: true, expires at: 1760456359016
[debug] [2025-10-14T15:06:30.179Z] Checked if tokens are valid: true, expires at: 1760456359016
[debug] [2025-10-14T15:06:30.179Z] >>> [apiv2][query] POST https://iam.googleapis.com/v1/projects/redi-1c25e/serviceAccounts/redi-1c25e@appspot.gserviceaccount.com:testIamPermissions [none]
[debug] [2025-10-14T15:06:30.179Z] >>> [apiv2][body] POST https://iam.googleapis.com/v1/projects/redi-1c25e/serviceAccounts/redi-1c25e@appspot.gserviceaccount.com:testIamPermissions {"permissions":["iam.serviceAccounts.actAs"]}
[debug] [2025-10-14T15:06:30.391Z] <<< [apiv2][status] POST https://iam.googleapis.com/v1/projects/redi-1c25e/serviceAccounts/redi-1c25e@appspot.gserviceaccount.com:testIamPermissions 200
[debug] [2025-10-14T15:06:30.391Z] <<< [apiv2][body] POST https://iam.googleapis.com/v1/projects/redi-1c25e/serviceAccounts/redi-1c25e@appspot.gserviceaccount.com:testIamPermissions {"permissions":["iam.serviceAccounts.actAs"]}
[info] 
[info] === Deploying to 'redi-1c25e'...
[info] 
[info] i  deploying functions 
[info] Running command: npm --prefix "$RESOURCE_DIR" run lint
[info] Running command: npm --prefix "$RESOURCE_DIR" run build
[info] ✔  functions: Finished running predeploy script. 
[debug] [2025-10-14T15:06:33.790Z] Checked if tokens are valid: true, expires at: 1760456359016
[debug] [2025-10-14T15:06:33.790Z] Checked if tokens are valid: true, expires at: 1760456359016
[debug] [2025-10-14T15:06:33.790Z] >>> [apiv2][query] GET https://cloudresourcemanager.googleapis.com/v1/projects/redi-1c25e [none]
[debug] [2025-10-14T15:06:33.919Z] <<< [apiv2][status] GET https://cloudresourcemanager.googleapis.com/v1/projects/redi-1c25e 200
[debug] [2025-10-14T15:06:33.919Z] <<< [apiv2][body] GET https://cloudresourcemanager.googleapis.com/v1/projects/redi-1c25e {"projectNumber":"272234540869","projectId":"redi-1c25e","lifecycleState":"ACTIVE","name":"redi","labels":{"firebase":"enabled","firebase-core":"disabled"},"createTime":"2025-10-01T02:43:29.900219Z","parent":{"type":"organization","id":"46506234463"}}
[info] i  functions: preparing codebase default for deployment 
[info] i  functions: ensuring required API cloudfunctions.googleapis.com is enabled... 
[info] i  functions: ensuring required API cloudbuild.googleapis.com is enabled... 
[info] i  artifactregistry: ensuring required API artifactregistry.googleapis.com is enabled... 
[debug] [2025-10-14T15:06:33.920Z] Checked if tokens are valid: true, expires at: 1760456359016
[debug] [2025-10-14T15:06:33.920Z] Checked if tokens are valid: true, expires at: 1760456359016
[debug] [2025-10-14T15:06:33.920Z] >>> [apiv2][query] GET https://firebase.googleapis.com/v1beta1/projects/redi-1c25e/adminSdkConfig [none]
[debug] [2025-10-14T15:06:34.303Z] <<< [apiv2][status] GET https://firebase.googleapis.com/v1beta1/projects/redi-1c25e/adminSdkConfig 200
[debug] [2025-10-14T15:06:34.303Z] <<< [apiv2][body] GET https://firebase.googleapis.com/v1beta1/projects/redi-1c25e/adminSdkConfig {"projectId":"redi-1c25e","storageBucket":"redi-1c25e.firebasestorage.app"}
[debug] [2025-10-14T15:06:34.304Z] Checked if tokens are valid: true, expires at: 1760456359016
[debug] [2025-10-14T15:06:34.304Z] Checked if tokens are valid: true, expires at: 1760456359016
[debug] [2025-10-14T15:06:34.304Z] >>> [apiv2][query] GET https://runtimeconfig.googleapis.com/v1beta1/projects/redi-1c25e/configs [none]
[debug] [2025-10-14T15:06:34.498Z] <<< [apiv2][status] GET https://runtimeconfig.googleapis.com/v1beta1/projects/redi-1c25e/configs 200
[debug] [2025-10-14T15:06:34.498Z] <<< [apiv2][body] GET https://runtimeconfig.googleapis.com/v1beta1/projects/redi-1c25e/configs {}
[debug] [2025-10-14T15:06:34.499Z] Validating nodejs source
[debug] [2025-10-14T15:06:34.753Z] > [functions] package.json contents: {
  "name": "functions",
  "scripts": {
    "lint": "eslint --ext .ts src",
    "lint:fix": "eslint --ext .ts src --fix",
    "copy-shared": "cp ../src/services/matchingAlgorithm.ts ./src/services/matchingAlgorithm.ts && cp ../types.ts ./src/types.ts",
    "build": "npm run copy-shared && tsc",
    "build:watch": "tsc --watch",
    "serve": "npm run build && firebase emulators:start --only functions",
    "shell": "npm run build && firebase functions:shell",
    "start": "npm run shell",
    "deploy": "firebase deploy --only functions",
    "predeploy": "npm run build",
    "logs": "firebase functions:log"
  },
  "engines": {
    "node": "22"
  },
  "main": "lib/index.js",
  "dependencies": {
    "firebase-admin": "^12.6.0",
    "firebase-functions": "^6.0.1"
  },
  "devDependencies": {
    "@typescript-eslint/eslint-plugin": "^5.62.0",
    "@typescript-eslint/parser": "^5.62.0",
    "eslint": "^8.57.0",
    "firebase-functions-test": "^3.1.0",
    "typescript": "^5.1.6"
  },
  "private": true
}
[debug] [2025-10-14T15:06:34.753Z] Building nodejs source
[info] i  functions: Loading and analyzing source code for codebase default to determine what to deploy 
[debug] [2025-10-14T15:06:34.753Z] Could not find functions.yaml. Must use http discovery
[debug] [2025-10-14T15:06:34.756Z] Found firebase-functions binary at '/Users/jujucrane/dev/redi/backend/functions/node_modules/.bin/firebase-functions'
[info] Serving at port 8649

[debug] [2025-10-14T15:06:34.831Z] Got response from /__/functions.yaml {"endpoints":{"activateWeeklyPrompt":{"availableMemoryMb":null,"timeoutSeconds":null,"minInstances":null,"maxInstances":null,"ingressSettings":null,"concurrency":null,"serviceAccountEmail":null,"vpc":null,"platform":"gcfv2","labels":{},"scheduleTrigger":{"schedule":"1 0 * * 1","retryConfig":{},"timeZone":"America/New_York"},"entryPoint":"activateWeeklyPrompt"},"generateWeeklyMatches":{"availableMemoryMb":null,"timeoutSeconds":null,"minInstances":null,"maxInstances":null,"ingressSettings":null,"concurrency":null,"serviceAccountEmail":null,"vpc":null,"platform":"gcfv2","labels":{},"scheduleTrigger":{"schedule":"1 0 * * 5","retryConfig":{},"timeZone":"America/New_York"},"entryPoint":"generateWeeklyMatches"}},"specVersion":"v1alpha1","requiredAPIs":[{"api":"cloudscheduler.googleapis.com","reason":"Needed for scheduled functions."}],"extensions":{}}
[info] i  extensions: ensuring required API firebaseextensions.googleapis.com is enabled... 
[debug] [2025-10-14T15:06:38.851Z] > command requires scopes: ["email","openid","https://www.googleapis.com/auth/cloudplatformprojects.readonly","https://www.googleapis.com/auth/firebase","https://www.googleapis.com/auth/cloud-platform"]
[debug] [2025-10-14T15:06:38.851Z] > authorizing via signed-in user (jlc565@cornell.edu)
[debug] [2025-10-14T15:06:38.851Z] [iam] checking project redi-1c25e for permissions ["firebase.projects.get","firebaseextensions.instances.list"]
[debug] [2025-10-14T15:06:38.852Z] Checked if tokens are valid: true, expires at: 1760456359016
[debug] [2025-10-14T15:06:38.852Z] Checked if tokens are valid: true, expires at: 1760456359016
[debug] [2025-10-14T15:06:38.852Z] >>> [apiv2][query] POST https://cloudresourcemanager.googleapis.com/v1/projects/redi-1c25e:testIamPermissions [none]
[debug] [2025-10-14T15:06:38.852Z] >>> [apiv2][(partial)header] POST https://cloudresourcemanager.googleapis.com/v1/projects/redi-1c25e:testIamPermissions x-goog-quota-user=projects/redi-1c25e
[debug] [2025-10-14T15:06:38.852Z] >>> [apiv2][body] POST https://cloudresourcemanager.googleapis.com/v1/projects/redi-1c25e:testIamPermissions {"permissions":["firebase.projects.get","firebaseextensions.instances.list"]}
[debug] [2025-10-14T15:06:38.940Z] <<< [apiv2][status] POST https://cloudresourcemanager.googleapis.com/v1/projects/redi-1c25e:testIamPermissions 200
[debug] [2025-10-14T15:06:38.940Z] <<< [apiv2][body] POST https://cloudresourcemanager.googleapis.com/v1/projects/redi-1c25e:testIamPermissions {"permissions":["firebase.projects.get","firebaseextensions.instances.list"]}
[debug] [2025-10-14T15:06:38.941Z] Checked if tokens are valid: true, expires at: 1760456359016
[debug] [2025-10-14T15:06:38.941Z] Checked if tokens are valid: true, expires at: 1760456359016
[debug] [2025-10-14T15:06:38.941Z] >>> [apiv2][query] GET https://firebaseextensions.googleapis.com/v1beta/projects/redi-1c25e/instances pageSize=100&pageToken=
[debug] [2025-10-14T15:06:39.312Z] <<< [apiv2][status] GET https://firebaseextensions.googleapis.com/v1beta/projects/redi-1c25e/instances 200
[debug] [2025-10-14T15:06:39.313Z] <<< [apiv2][body] GET https://firebaseextensions.googleapis.com/v1beta/projects/redi-1c25e/instances {}
[info] i  functions: preparing functions directory for uploading... 
[info] i  functions: packaged /Users/jujucrane/dev/redi/backend/functions (101.75 KB) for uploading 
[debug] [2025-10-14T15:06:39.355Z] Checked if tokens are valid: true, expires at: 1760456359016
[debug] [2025-10-14T15:06:39.355Z] Checked if tokens are valid: true, expires at: 1760456359016
[debug] [2025-10-14T15:06:39.355Z] >>> [apiv2][query] GET https://cloudfunctions.googleapis.com/v1/projects/redi-1c25e/locations/-/functions [none]
[debug] [2025-10-14T15:06:39.948Z] <<< [apiv2][status] GET https://cloudfunctions.googleapis.com/v1/projects/redi-1c25e/locations/-/functions 200
[debug] [2025-10-14T15:06:39.948Z] <<< [apiv2][body] GET https://cloudfunctions.googleapis.com/v1/projects/redi-1c25e/locations/-/functions {}
[debug] [2025-10-14T15:06:39.948Z] Checked if tokens are valid: true, expires at: 1760456359016
[debug] [2025-10-14T15:06:39.949Z] Checked if tokens are valid: true, expires at: 1760456359016
[debug] [2025-10-14T15:06:39.949Z] >>> [apiv2][query] GET https://cloudfunctions.googleapis.com/v2/projects/redi-1c25e/locations/-/functions filter=environment%3D%22GEN_2%22
[debug] [2025-10-14T15:06:40.409Z] <<< [apiv2][status] GET https://cloudfunctions.googleapis.com/v2/projects/redi-1c25e/locations/-/functions 200
[debug] [2025-10-14T15:06:40.409Z] <<< [apiv2][body] GET https://cloudfunctions.googleapis.com/v2/projects/redi-1c25e/locations/-/functions {"functions":[{"name":"projects/redi-1c25e/locations/us-central1/functions/activateWeeklyPrompt","buildConfig":{"build":"projects/272234540869/locations/us-central1/builds/ea46247e-76c7-472c-94fb-1daad10c0be6","runtime":"nodejs22","entryPoint":"activateWeeklyPrompt","source":{"storageSource":{"bucket":"gcf-v2-sources-272234540869-us-central1","object":"activateWeeklyPrompt/function-source.zip","generation":"1760403516890141"}},"environmentVariables":{"GOOGLE_NODE_RUN_SCRIPTS":""},"dockerRepository":"projects/redi-1c25e/locations/us-central1/repositories/gcf-artifacts","sourceProvenance":{"resolvedStorageSource":{"bucket":"gcf-v2-sources-272234540869-us-central1","object":"activateWeeklyPrompt/function-source.zip","generation":"1760403516890141"}},"dockerRegistry":"ARTIFACT_REGISTRY","serviceAccount":"projects/redi-1c25e/serviceAccounts/272234540869-compute@developer.gserviceaccount.com","automaticUpdatePolicy":{}},"serviceConfig":{"service":"projects/redi-1c25e/locations/us-central1/services/activateweeklyprompt","timeoutSeconds":60,"environmentVariables":{"FIREBASE_CONFIG":"{\"projectId\":\"redi-1c25e\",\"storageBucket\":\"redi-1c25e.firebasestorage.app\"}","GCLOUD_PROJECT":"redi-1c25e","EVENTARC_CLOUD_EVENT_SOURCE":"projects/redi-1c25e/locations/us-central1/services/activateWeeklyPrompt","FUNCTION_TARGET":"activateWeeklyPrompt","LOG_EXECUTION_ID":"true"},"maxInstanceCount":20,"ingressSettings":"ALLOW_ALL","uri":"https://activateweeklyprompt-dop64ng7oa-uc.a.run.app","serviceAccountEmail":"272234540869-compute@developer.gserviceaccount.com","availableMemory":"256Mi","allTrafficOnLatestRevision":true,"revision":"activateweeklyprompt-00001-rel","maxInstanceRequestConcurrency":80,"availableCpu":"1"},"state":"ACTIVE","updateTime":"2025-10-14T01:00:24.359194078Z","labels":{"deployment-tool":"cli-firebase","deployment-scheduled":"true","firebase-functions-hash":"d69e5e364726daa658c943fafe31e89f87ba2d4e"},"environment":"GEN_2","url":"https://us-central1-redi-1c25e.cloudfunctions.net/activateWeeklyPrompt","createTime":"2025-10-14T00:58:37.209993667Z","satisfiesPzi":true},{"name":"projects/redi-1c25e/locations/us-central1/functions/generateWeeklyMatches","buildConfig":{"build":"projects/272234540869/locations/us-central1/builds/ea46247e-76c7-472c-94fb-1daad10c0be6","runtime":"nodejs22","entryPoint":"generateWeeklyMatches","source":{"storageSource":{"bucket":"gcf-v2-sources-272234540869-us-central1","object":"generateWeeklyMatches/function-source.zip","generation":"1760403607324330"}},"environmentVariables":{"GOOGLE_NODE_RUN_SCRIPTS":""},"dockerRepository":"projects/redi-1c25e/locations/us-central1/repositories/gcf-artifacts","sourceProvenance":{"resolvedStorageSource":{"bucket":"gcf-v2-sources-272234540869-us-central1","object":"generateWeeklyMatches/function-source.zip","generation":"1760403607324330"}},"dockerRegistry":"ARTIFACT_REGISTRY","serviceAccount":"projects/redi-1c25e/serviceAccounts/272234540869-compute@developer.gserviceaccount.com","automaticUpdatePolicy":{}},"serviceConfig":{"service":"projects/redi-1c25e/locations/us-central1/services/generateweeklymatches","timeoutSeconds":60,"environmentVariables":{"FIREBASE_CONFIG":"{\"projectId\":\"redi-1c25e\",\"storageBucket\":\"redi-1c25e.firebasestorage.app\"}","GCLOUD_PROJECT":"redi-1c25e","EVENTARC_CLOUD_EVENT_SOURCE":"projects/redi-1c25e/locations/us-central1/services/generateWeeklyMatches","FUNCTION_TARGET":"generateWeeklyMatches","LOG_EXECUTION_ID":"true","FUNCTION_SIGNATURE_TYPE":"http"},"maxInstanceCount":20,"ingressSettings":"ALLOW_ALL","uri":"https://generateweeklymatches-dop64ng7oa-uc.a.run.app","serviceAccountEmail":"272234540869-compute@developer.gserviceaccount.com","availableMemory":"256Mi","allTrafficOnLatestRevision":true,"revision":"generateweeklymatches-00001-tat","maxInstanceRequestConcurrency":80,"availableCpu":"1"},"state":"ACTIVE","updateTime":"2025-10-14T01:00:23.872712538Z","labels":{"deployment-tool":"cli-firebase","deployment-scheduled":"true","firebase-functions-hash":"d69e5e364726daa658c943fafe31e89f87ba2d4e"},"environment":"GEN_2","url":"https://us-central1-redi-1c25e.cloudfunctions.net/generateWeeklyMatches","createTime":"2025-10-14T01:00:08.197612670Z","satisfiesPzi":true}]}
[info] i  functions: ensuring required API cloudscheduler.googleapis.com is enabled... 
[info] i  functions: ensuring required API run.googleapis.com is enabled... 
[info] i  functions: ensuring required API eventarc.googleapis.com is enabled... 
[info] i  functions: ensuring required API pubsub.googleapis.com is enabled... 
[info] i  functions: ensuring required API storage.googleapis.com is enabled... 
[info] i  functions: generating the service identity for pubsub.googleapis.com... 
[debug] [2025-10-14T15:06:40.413Z] Checked if tokens are valid: true, expires at: 1760456359016
[debug] [2025-10-14T15:06:40.413Z] Checked if tokens are valid: true, expires at: 1760456359016
[info] i  functions: generating the service identity for eventarc.googleapis.com... 
[debug] [2025-10-14T15:06:40.414Z] Checked if tokens are valid: true, expires at: 1760456359016
[debug] [2025-10-14T15:06:40.414Z] Checked if tokens are valid: true, expires at: 1760456359016
[debug] [2025-10-14T15:06:40.414Z] >>> [apiv2][query] POST https://serviceusage.googleapis.com/v1beta1/projects/272234540869/services/pubsub.googleapis.com:generateServiceIdentity [none]
[debug] [2025-10-14T15:06:40.414Z] >>> [apiv2][(partial)header] POST https://serviceusage.googleapis.com/v1beta1/projects/272234540869/services/pubsub.googleapis.com:generateServiceIdentity x-goog-quota-user=projects/272234540869
[debug] [2025-10-14T15:06:40.414Z] >>> [apiv2][body] POST https://serviceusage.googleapis.com/v1beta1/projects/272234540869/services/pubsub.googleapis.com:generateServiceIdentity {}
[debug] [2025-10-14T15:06:40.415Z] >>> [apiv2][query] POST https://serviceusage.googleapis.com/v1beta1/projects/272234540869/services/eventarc.googleapis.com:generateServiceIdentity [none]
[debug] [2025-10-14T15:06:40.415Z] >>> [apiv2][(partial)header] POST https://serviceusage.googleapis.com/v1beta1/projects/272234540869/services/eventarc.googleapis.com:generateServiceIdentity x-goog-quota-user=projects/272234540869
[debug] [2025-10-14T15:06:40.415Z] >>> [apiv2][body] POST https://serviceusage.googleapis.com/v1beta1/projects/272234540869/services/eventarc.googleapis.com:generateServiceIdentity {}
[debug] [2025-10-14T15:06:40.861Z] <<< [apiv2][status] POST https://serviceusage.googleapis.com/v1beta1/projects/272234540869/services/pubsub.googleapis.com:generateServiceIdentity 200
[debug] [2025-10-14T15:06:40.861Z] <<< [apiv2][body] POST https://serviceusage.googleapis.com/v1beta1/projects/272234540869/services/pubsub.googleapis.com:generateServiceIdentity {"name":"operations/finished.DONE_OPERATION","done":true,"response":{"@type":"type.googleapis.com/google.api.serviceusage.v1beta1.ServiceIdentity","email":"service-272234540869@gcp-sa-pubsub.iam.gserviceaccount.com","uniqueId":"102324483970628608011"}}
[debug] [2025-10-14T15:06:40.880Z] <<< [apiv2][status] POST https://serviceusage.googleapis.com/v1beta1/projects/272234540869/services/eventarc.googleapis.com:generateServiceIdentity 200
[debug] [2025-10-14T15:06:40.881Z] <<< [apiv2][body] POST https://serviceusage.googleapis.com/v1beta1/projects/272234540869/services/eventarc.googleapis.com:generateServiceIdentity {"name":"operations/finished.DONE_OPERATION","done":true,"response":{"@type":"type.googleapis.com/google.api.serviceusage.v1beta1.ServiceIdentity","email":"service-272234540869@gcp-sa-eventarc.iam.gserviceaccount.com","uniqueId":"102588588119236177459"}}
[debug] [2025-10-14T15:06:40.883Z] Checked if tokens are valid: true, expires at: 1760456359016
[debug] [2025-10-14T15:06:40.883Z] Checked if tokens are valid: true, expires at: 1760456359016
[debug] [2025-10-14T15:06:40.883Z] >>> [apiv2][query] GET https://cloudresourcemanager.googleapis.com/v1/projects/redi-1c25e [none]
[debug] [2025-10-14T15:06:40.991Z] <<< [apiv2][status] GET https://cloudresourcemanager.googleapis.com/v1/projects/redi-1c25e 200
[debug] [2025-10-14T15:06:40.991Z] <<< [apiv2][body] GET https://cloudresourcemanager.googleapis.com/v1/projects/redi-1c25e {"projectNumber":"272234540869","projectId":"redi-1c25e","lifecycleState":"ACTIVE","name":"redi","labels":{"firebase":"enabled","firebase-core":"disabled"},"createTime":"2025-10-01T02:43:29.900219Z","parent":{"type":"organization","id":"46506234463"}}
[debug] [2025-10-14T15:06:40.992Z] Checked if tokens are valid: true, expires at: 1760456359016
[debug] [2025-10-14T15:06:40.992Z] Checked if tokens are valid: true, expires at: 1760456359016
[debug] [2025-10-14T15:06:40.992Z] >>> [apiv2][query] GET https://compute.googleapis.com/compute/v1/projects/272234540869 [none]
[debug] [2025-10-14T15:06:41.113Z] <<< [apiv2][status] GET https://compute.googleapis.com/compute/v1/projects/272234540869 403
[debug] [2025-10-14T15:06:41.113Z] <<< [apiv2][body] GET https://compute.googleapis.com/compute/v1/projects/272234540869 {"error":{"code":403,"message":"Compute Engine API has not been used in project 272234540869 before or it is disabled. Enable it by visiting https://console.developers.google.com/apis/api/compute.googleapis.com/overview?project=272234540869 then retry. If you enabled this API recently, wait a few minutes for the action to propagate to our systems and retry.","errors":[{"message":"Compute Engine API has not been used in project 272234540869 before or it is disabled. Enable it by visiting https://console.developers.google.com/apis/api/compute.googleapis.com/overview?project=272234540869 then retry. If you enabled this API recently, wait a few minutes for the action to propagate to our systems and retry.","domain":"usageLimits","reason":"accessNotConfigured","extendedHelp":"https://console.developers.google.com"}],"status":"PERMISSION_DENIED","details":[{"@type":"type.googleapis.com/google.rpc.ErrorInfo","reason":"SERVICE_DISABLED","domain":"googleapis.com","metadata":{"containerInfo":"272234540869","serviceTitle":"Compute Engine API","service":"compute.googleapis.com","consumer":"projects/272234540869","activationUrl":"https://console.developers.google.com/apis/api/compute.googleapis.com/overview?project=272234540869"}},{"@type":"type.googleapis.com/google.rpc.LocalizedMessage","locale":"en-US","message":"Compute Engine API has not been used in project 272234540869 before or it is disabled. Enable it by visiting https://console.developers.google.com/apis/api/compute.googleapis.com/overview?project=272234540869 then retry. If you enabled this API recently, wait a few minutes for the action to propagate to our systems and retry."},{"@type":"type.googleapis.com/google.rpc.Help","links":[{"description":"Google developers console API activation","url":"https://console.developers.google.com/apis/api/compute.googleapis.com/overview?project=272234540869"}]}]}}
[debug] [2025-10-14T15:06:41.114Z] unable to look up default compute service account. Falling back to 272234540869-compute@developer.gserviceaccount.com. Error: {"name":"FirebaseError","children":[],"context":{"body":{"error":{"code":403,"message":"Compute Engine API has not been used in project 272234540869 before or it is disabled. Enable it by visiting https://console.developers.google.com/apis/api/compute.googleapis.com/overview?project=272234540869 then retry. If you enabled this API recently, wait a few minutes for the action to propagate to our systems and retry.","errors":[{"message":"Compute Engine API has not been used in project 272234540869 before or it is disabled. Enable it by visiting https://console.developers.google.com/apis/api/compute.googleapis.com/overview?project=272234540869 then retry. If you enabled this API recently, wait a few minutes for the action to propagate to our systems and retry.","domain":"usageLimits","reason":"accessNotConfigured","extendedHelp":"https://console.developers.google.com"}],"status":"PERMISSION_DENIED","details":[{"@type":"type.googleapis.com/google.rpc.ErrorInfo","reason":"SERVICE_DISABLED","domain":"googleapis.com","metadata":{"containerInfo":"272234540869","serviceTitle":"Compute Engine API","service":"compute.googleapis.com","consumer":"projects/272234540869","activationUrl":"https://console.developers.google.com/apis/api/compute.googleapis.com/overview?project=272234540869"}},{"@type":"type.googleapis.com/google.rpc.LocalizedMessage","locale":"en-US","message":"Compute Engine API has not been used in project 272234540869 before or it is disabled. Enable it by visiting https://console.developers.google.com/apis/api/compute.googleapis.com/overview?project=272234540869 then retry. If you enabled this API recently, wait a few minutes for the action to propagate to our systems and retry."},{"@type":"type.googleapis.com/google.rpc.Help","links":[{"description":"Google developers console API activation","url":"https://console.developers.google.com/apis/api/compute.googleapis.com/overview?project=272234540869"}]}]}},"response":{"statusCode":403}},"exit":1,"message":"Request to https://compute.googleapis.com/compute/v1/projects/272234540869 had HTTP Error: 403, Compute Engine API has not been used in project 272234540869 before or it is disabled. Enable it by visiting https://console.developers.google.com/apis/api/compute.googleapis.com/overview?project=272234540869 then retry. If you enabled this API recently, wait a few minutes for the action to propagate to our systems and retry.","status":403}
[debug] [2025-10-14T15:06:41.115Z] Checked if tokens are valid: true, expires at: 1760456359016
[debug] [2025-10-14T15:06:41.115Z] Checked if tokens are valid: true, expires at: 1760456359016
[debug] [2025-10-14T15:06:41.115Z] >>> [apiv2][query] GET https://compute.googleapis.com/compute/v1/projects/272234540869 [none]
[debug] [2025-10-14T15:06:41.185Z] <<< [apiv2][status] GET https://compute.googleapis.com/compute/v1/projects/272234540869 403
[debug] [2025-10-14T15:06:41.185Z] <<< [apiv2][body] GET https://compute.googleapis.com/compute/v1/projects/272234540869 {"error":{"code":403,"message":"Compute Engine API has not been used in project 272234540869 before or it is disabled. Enable it by visiting https://console.developers.google.com/apis/api/compute.googleapis.com/overview?project=272234540869 then retry. If you enabled this API recently, wait a few minutes for the action to propagate to our systems and retry.","errors":[{"message":"Compute Engine API has not been used in project 272234540869 before or it is disabled. Enable it by visiting https://console.developers.google.com/apis/api/compute.googleapis.com/overview?project=272234540869 then retry. If you enabled this API recently, wait a few minutes for the action to propagate to our systems and retry.","domain":"usageLimits","reason":"accessNotConfigured","extendedHelp":"https://console.developers.google.com"}],"status":"PERMISSION_DENIED","details":[{"@type":"type.googleapis.com/google.rpc.ErrorInfo","reason":"SERVICE_DISABLED","domain":"googleapis.com","metadata":{"activationUrl":"https://console.developers.google.com/apis/api/compute.googleapis.com/overview?project=272234540869","serviceTitle":"Compute Engine API","containerInfo":"272234540869","consumer":"projects/272234540869","service":"compute.googleapis.com"}},{"@type":"type.googleapis.com/google.rpc.LocalizedMessage","locale":"en-US","message":"Compute Engine API has not been used in project 272234540869 before or it is disabled. Enable it by visiting https://console.developers.google.com/apis/api/compute.googleapis.com/overview?project=272234540869 then retry. If you enabled this API recently, wait a few minutes for the action to propagate to our systems and retry."},{"@type":"type.googleapis.com/google.rpc.Help","links":[{"description":"Google developers console API activation","url":"https://console.developers.google.com/apis/api/compute.googleapis.com/overview?project=272234540869"}]}]}}
[debug] [2025-10-14T15:06:41.185Z] unable to look up default compute service account. Falling back to 272234540869-compute@developer.gserviceaccount.com. Error: {"name":"FirebaseError","children":[],"context":{"body":{"error":{"code":403,"message":"Compute Engine API has not been used in project 272234540869 before or it is disabled. Enable it by visiting https://console.developers.google.com/apis/api/compute.googleapis.com/overview?project=272234540869 then retry. If you enabled this API recently, wait a few minutes for the action to propagate to our systems and retry.","errors":[{"message":"Compute Engine API has not been used in project 272234540869 before or it is disabled. Enable it by visiting https://console.developers.google.com/apis/api/compute.googleapis.com/overview?project=272234540869 then retry. If you enabled this API recently, wait a few minutes for the action to propagate to our systems and retry.","domain":"usageLimits","reason":"accessNotConfigured","extendedHelp":"https://console.developers.google.com"}],"status":"PERMISSION_DENIED","details":[{"@type":"type.googleapis.com/google.rpc.ErrorInfo","reason":"SERVICE_DISABLED","domain":"googleapis.com","metadata":{"activationUrl":"https://console.developers.google.com/apis/api/compute.googleapis.com/overview?project=272234540869","serviceTitle":"Compute Engine API","containerInfo":"272234540869","consumer":"projects/272234540869","service":"compute.googleapis.com"}},{"@type":"type.googleapis.com/google.rpc.LocalizedMessage","locale":"en-US","message":"Compute Engine API has not been used in project 272234540869 before or it is disabled. Enable it by visiting https://console.developers.google.com/apis/api/compute.googleapis.com/overview?project=272234540869 then retry. If you enabled this API recently, wait a few minutes for the action to propagate to our systems and retry."},{"@type":"type.googleapis.com/google.rpc.Help","links":[{"description":"Google developers console API activation","url":"https://console.developers.google.com/apis/api/compute.googleapis.com/overview?project=272234540869"}]}]}},"response":{"statusCode":403}},"exit":1,"message":"Request to https://compute.googleapis.com/compute/v1/projects/272234540869 had HTTP Error: 403, Compute Engine API has not been used in project 272234540869 before or it is disabled. Enable it by visiting https://console.developers.google.com/apis/api/compute.googleapis.com/overview?project=272234540869 then retry. If you enabled this API recently, wait a few minutes for the action to propagate to our systems and retry.","status":403}
[debug] [2025-10-14T15:06:41.186Z] Checked if tokens are valid: true, expires at: 1760456359016
[debug] [2025-10-14T15:06:41.186Z] Checked if tokens are valid: true, expires at: 1760456359016
[debug] [2025-10-14T15:06:41.187Z] >>> [apiv2][query] GET https://cloudbilling.googleapis.com/v1/projects/redi-1c25e/billingInfo [none]
[debug] [2025-10-14T15:06:41.555Z] <<< [apiv2][status] GET https://cloudbilling.googleapis.com/v1/projects/redi-1c25e/billingInfo 200
[debug] [2025-10-14T15:06:41.556Z] <<< [apiv2][body] GET https://cloudbilling.googleapis.com/v1/projects/redi-1c25e/billingInfo {"name":"projects/redi-1c25e/billingInfo","projectId":"redi-1c25e","billingAccountName":"billingAccounts/01DC10-9DE7E9-7B6607","billingEnabled":true}
[debug] [2025-10-14T15:06:41.558Z] Checked if tokens are valid: true, expires at: 1760456359016
[debug] [2025-10-14T15:06:41.558Z] Checked if tokens are valid: true, expires at: 1760456359016
[debug] [2025-10-14T15:06:41.558Z] >>> [apiv2][query] POST https://cloudfunctions.googleapis.com/v2/projects/redi-1c25e/locations/us-central1/functions:generateUploadUrl [none]
[debug] [2025-10-14T15:06:41.857Z] <<< [apiv2][status] POST https://cloudfunctions.googleapis.com/v2/projects/redi-1c25e/locations/us-central1/functions:generateUploadUrl 200
[debug] [2025-10-14T15:06:41.858Z] <<< [apiv2][body] POST https://cloudfunctions.googleapis.com/v2/projects/redi-1c25e/locations/us-central1/functions:generateUploadUrl {"uploadUrl":"https://storage.googleapis.com/gcf-v2-uploads-272234540869.us-central1.cloudfunctions.appspot.com/311ed1aa-226e-41a8-a3c8-c7f765d17c90.zip?GoogleAccessId=service-272234540869@gcf-admin-robot.iam.gserviceaccount.com&Expires=1760456201&Signature=G5OtuZo6qTRg%2BRGXEm52TQkKd0fk2Q0UtEoQLeDim4QV%2F2%2BAD6xkY%2F3bNTKX3qMRgyWCSV0uRTPQK2kK8L2n2SFlzDJQkM9PbXA4FK3s3ybsy3aDDq8ygX9Q3%2Fd37fK8akw%2BHymVCfvyjAR8ybpvk6YiCOrFH51x4OTaFF4w8htrwyc2Y6JkHIKYy%2BPjs2GrlkcQ%2Bj0d2qQKU3QS%2BF8BM%2F2EnxPZ20sgv%2B%2FDNY8eucW0yJav9YrNSJmNHZdYTytN15uBJWIzxLjz3WR92qJOM0lXnC7y8hqpHjQ%2FV6hOAwcHq7EiI7pxbWMsgHAziRjdCK6g0eRVqA2DTtl8D%2BvhWA%3D%3D","storageSource":{"bucket":"gcf-v2-uploads-272234540869.us-central1.cloudfunctions.appspot.com","object":"311ed1aa-226e-41a8-a3c8-c7f765d17c90.zip"}}
[debug] [2025-10-14T15:06:41.859Z] >>> [apiv2][query] PUT https://storage.googleapis.com/gcf-v2-uploads-272234540869.us-central1.cloudfunctions.appspot.com/311ed1aa-226e-41a8-a3c8-c7f765d17c90.zip GoogleAccessId=service-272234540869%40gcf-admin-robot.iam.gserviceaccount.com&Expires=1760456201&Signature=G5OtuZo6qTRg%2BRGXEm52TQkKd0fk2Q0UtEoQLeDim4QV%2F2%2BAD6xkY%2F3bNTKX3qMRgyWCSV0uRTPQK2kK8L2n2SFlzDJQkM9PbXA4FK3s3ybsy3aDDq8ygX9Q3%2Fd37fK8akw%2BHymVCfvyjAR8ybpvk6YiCOrFH51x4OTaFF4w8htrwyc2Y6JkHIKYy%2BPjs2GrlkcQ%2Bj0d2qQKU3QS%2BF8BM%2F2EnxPZ20sgv%2B%2FDNY8eucW0yJav9YrNSJmNHZdYTytN15uBJWIzxLjz3WR92qJOM0lXnC7y8hqpHjQ%2FV6hOAwcHq7EiI7pxbWMsgHAziRjdCK6g0eRVqA2DTtl8D%2BvhWA%3D%3D
[debug] [2025-10-14T15:06:41.859Z] >>> [apiv2][body] PUT https://storage.googleapis.com/gcf-v2-uploads-272234540869.us-central1.cloudfunctions.appspot.com/311ed1aa-226e-41a8-a3c8-c7f765d17c90.zip [stream]
[debug] [2025-10-14T15:06:42.138Z] <<< [apiv2][status] PUT https://storage.googleapis.com/gcf-v2-uploads-272234540869.us-central1.cloudfunctions.appspot.com/311ed1aa-226e-41a8-a3c8-c7f765d17c90.zip 200
[debug] [2025-10-14T15:06:42.139Z] <<< [apiv2][body] PUT https://storage.googleapis.com/gcf-v2-uploads-272234540869.us-central1.cloudfunctions.appspot.com/311ed1aa-226e-41a8-a3c8-c7f765d17c90.zip [omitted]
[info] ✔  functions: functions source uploaded successfully 
[info] i  functions: updating Node.js 22 (2nd Gen) function activateWeeklyPrompt(us-central1)... 
[info] i  functions: updating Node.js 22 (2nd Gen) function generateWeeklyMatches(us-central1)... 
[debug] [2025-10-14T15:06:42.146Z] Checked if tokens are valid: true, expires at: 1760456359016
[debug] [2025-10-14T15:06:42.146Z] Checked if tokens are valid: true, expires at: 1760456359016
[debug] [2025-10-14T15:06:42.146Z] >>> [apiv2][query] PATCH https://cloudfunctions.googleapis.com/v2/projects/redi-1c25e/locations/us-central1/functions/activateWeeklyPrompt updateMask=name%2CbuildConfig.runtime%2CbuildConfig.entryPoint%2CbuildConfig.source.storageSource.bucket%2CbuildConfig.source.storageSource.object%2CbuildConfig.environmentVariables%2CbuildConfig.sourceToken%2CserviceConfig.environmentVariables%2CserviceConfig.ingressSettings%2CserviceConfig.timeoutSeconds%2CserviceConfig.serviceAccountEmail%2CserviceConfig.availableMemory%2CserviceConfig.minInstanceCount%2CserviceConfig.maxInstanceCount%2CserviceConfig.maxInstanceRequestConcurrency%2CserviceConfig.availableCpu%2CserviceConfig.vpcConnector%2CserviceConfig.vpcConnectorEgressSettings%2Clabels
[debug] [2025-10-14T15:06:42.146Z] >>> [apiv2][body] PATCH https://cloudfunctions.googleapis.com/v2/projects/redi-1c25e/locations/us-central1/functions/activateWeeklyPrompt {"name":"projects/redi-1c25e/locations/us-central1/functions/activateWeeklyPrompt","buildConfig":{"runtime":"nodejs22","entryPoint":"activateWeeklyPrompt","source":{"storageSource":{"bucket":"gcf-v2-uploads-272234540869.us-central1.cloudfunctions.appspot.com","object":"311ed1aa-226e-41a8-a3c8-c7f765d17c90.zip"}},"environmentVariables":{"GOOGLE_NODE_RUN_SCRIPTS":""}},"serviceConfig":{"environmentVariables":{"FIREBASE_CONFIG":"{\"projectId\":\"redi-1c25e\",\"storageBucket\":\"redi-1c25e.firebasestorage.app\"}","GCLOUD_PROJECT":"redi-1c25e","EVENTARC_CLOUD_EVENT_SOURCE":"projects/redi-1c25e/locations/us-central1/services/activateWeeklyPrompt","FUNCTION_TARGET":"activateWeeklyPrompt","LOG_EXECUTION_ID":"true"},"ingressSettings":null,"timeoutSeconds":null,"serviceAccountEmail":null,"availableMemory":"256Mi","minInstanceCount":null,"maxInstanceCount":null,"maxInstanceRequestConcurrency":80,"availableCpu":"1","vpcConnector":null,"vpcConnectorEgressSettings":null},"labels":{"deployment-tool":"cli-firebase","deployment-scheduled":"true","firebase-functions-hash":"cdbc2eda44ad77afb2489b6958f1dabe9e17fb60"}}
[debug] [2025-10-14T15:06:43.347Z] <<< [apiv2][status] PATCH https://cloudfunctions.googleapis.com/v2/projects/redi-1c25e/locations/us-central1/functions/activateWeeklyPrompt 200
[debug] [2025-10-14T15:06:43.347Z] <<< [apiv2][body] PATCH https://cloudfunctions.googleapis.com/v2/projects/redi-1c25e/locations/us-central1/functions/activateWeeklyPrompt {"name":"projects/redi-1c25e/locations/us-central1/operations/operation-1760454402343-6411fbb4b80f1-e103fd4f-8aec3ecf","metadata":{"@type":"type.googleapis.com/google.cloud.functions.v2.OperationMetadata","createTime":"2025-10-14T15:06:43.306857833Z","target":"projects/redi-1c25e/locations/us-central1/functions/activateWeeklyPrompt","verb":"update","cancelRequested":false,"apiVersion":"v2"},"done":false}
[debug] [2025-10-14T15:06:43.348Z] Checked if tokens are valid: true, expires at: 1760456359016
[debug] [2025-10-14T15:06:43.348Z] Checked if tokens are valid: true, expires at: 1760456359016
[debug] [2025-10-14T15:06:43.348Z] >>> [apiv2][query] GET https://cloudfunctions.googleapis.com/v2/projects/redi-1c25e/locations/us-central1/operations/operation-1760454402343-6411fbb4b80f1-e103fd4f-8aec3ecf [none]
[debug] [2025-10-14T15:06:43.578Z] <<< [apiv2][status] GET https://cloudfunctions.googleapis.com/v2/projects/redi-1c25e/locations/us-central1/operations/operation-1760454402343-6411fbb4b80f1-e103fd4f-8aec3ecf 200
[debug] [2025-10-14T15:06:43.579Z] <<< [apiv2][body] GET https://cloudfunctions.googleapis.com/v2/projects/redi-1c25e/locations/us-central1/operations/operation-1760454402343-6411fbb4b80f1-e103fd4f-8aec3ecf {"name":"projects/redi-1c25e/locations/us-central1/operations/operation-1760454402343-6411fbb4b80f1-e103fd4f-8aec3ecf","metadata":{"@type":"type.googleapis.com/google.cloud.functions.v2.OperationMetadata","createTime":"2025-10-14T15:06:43.306857833Z","target":"projects/redi-1c25e/locations/us-central1/functions/activateWeeklyPrompt","verb":"update","cancelRequested":false,"apiVersion":"v2","requestResource":{"@type":"type.googleapis.com/google.cloud.functions.v2.Function","name":"projects/redi-1c25e/locations/us-central1/functions/activateWeeklyPrompt","buildConfig":{"runtime":"nodejs22","entryPoint":"activateWeeklyPrompt","source":{"storageSource":{"bucket":"gcf-v2-sources-272234540869-us-central1","object":"activateWeeklyPrompt/function-source.zip","generation":"1760454403220032"}},"environmentVariables":{"GOOGLE_NODE_RUN_SCRIPTS":""},"dockerRepository":"projects/redi-1c25e/locations/us-central1/repositories/gcf-artifacts","sourceProvenance":{"resolvedStorageSource":{"bucket":"gcf-v2-sources-272234540869-us-central1","object":"activateWeeklyPrompt/function-source.zip","generation":"1760403516890141"}},"dockerRegistry":"ARTIFACT_REGISTRY","serviceAccount":"projects/redi-1c25e/serviceAccounts/272234540869-compute@developer.gserviceaccount.com","automaticUpdatePolicy":{}},"serviceConfig":{"service":"projects/redi-1c25e/locations/us-central1/services/activateweeklyprompt","timeoutSeconds":60,"environmentVariables":{"FIREBASE_CONFIG":"{\"projectId\":\"redi-1c25e\",\"storageBucket\":\"redi-1c25e.firebasestorage.app\"}","GCLOUD_PROJECT":"redi-1c25e","EVENTARC_CLOUD_EVENT_SOURCE":"projects/redi-1c25e/locations/us-central1/services/activateWeeklyPrompt","FUNCTION_TARGET":"activateWeeklyPrompt","LOG_EXECUTION_ID":"true"},"ingressSettings":"ALLOW_ALL","uri":"https://activateweeklyprompt-dop64ng7oa-uc.a.run.app","serviceAccountEmail":"272234540869-compute@developer.gserviceaccount.com","availableMemory":"256Mi","allTrafficOnLatestRevision":true,"revision":"activateweeklyprompt-00001-rel","maxInstanceRequestConcurrency":80,"availableCpu":"1"},"state":"ACTIVE","labels":{"deployment-tool":"cli-firebase","deployment-scheduled":"true","firebase-functions-hash":"cdbc2eda44ad77afb2489b6958f1dabe9e17fb60"},"environment":"GEN_2","url":"https://us-central1-redi-1c25e.cloudfunctions.net/activateWeeklyPrompt","satisfiesPzi":true},"stages":[{"name":"BUILD","state":"NOT_STARTED"},{"name":"SERVICE","state":"NOT_STARTED"}],"operationType":"UPDATE_FUNCTION"},"done":false}
[debug] [2025-10-14T15:06:44.080Z] [update-default-us-central1-activateWeeklyPrompt] Retrying task index 0
[debug] [2025-10-14T15:06:44.081Z] Checked if tokens are valid: true, expires at: 1760456359016
[debug] [2025-10-14T15:06:44.081Z] Checked if tokens are valid: true, expires at: 1760456359016
[debug] [2025-10-14T15:06:44.081Z] >>> [apiv2][query] GET https://cloudfunctions.googleapis.com/v2/projects/redi-1c25e/locations/us-central1/operations/operation-1760454402343-6411fbb4b80f1-e103fd4f-8aec3ecf [none]
[debug] [2025-10-14T15:06:44.305Z] <<< [apiv2][status] GET https://cloudfunctions.googleapis.com/v2/projects/redi-1c25e/locations/us-central1/operations/operation-1760454402343-6411fbb4b80f1-e103fd4f-8aec3ecf 200
[debug] [2025-10-14T15:06:44.305Z] <<< [apiv2][body] GET https://cloudfunctions.googleapis.com/v2/projects/redi-1c25e/locations/us-central1/operations/operation-1760454402343-6411fbb4b80f1-e103fd4f-8aec3ecf {"name":"projects/redi-1c25e/locations/us-central1/operations/operation-1760454402343-6411fbb4b80f1-e103fd4f-8aec3ecf","metadata":{"@type":"type.googleapis.com/google.cloud.functions.v2.OperationMetadata","createTime":"2025-10-14T15:06:43.306857833Z","target":"projects/redi-1c25e/locations/us-central1/functions/activateWeeklyPrompt","verb":"update","cancelRequested":false,"apiVersion":"v2","requestResource":{"@type":"type.googleapis.com/google.cloud.functions.v2.Function","name":"projects/redi-1c25e/locations/us-central1/functions/activateWeeklyPrompt","buildConfig":{"runtime":"nodejs22","entryPoint":"activateWeeklyPrompt","source":{"storageSource":{"bucket":"gcf-v2-sources-272234540869-us-central1","object":"activateWeeklyPrompt/function-source.zip","generation":"1760454403220032"}},"environmentVariables":{"GOOGLE_NODE_RUN_SCRIPTS":""},"dockerRepository":"projects/redi-1c25e/locations/us-central1/repositories/gcf-artifacts","sourceProvenance":{"resolvedStorageSource":{"bucket":"gcf-v2-sources-272234540869-us-central1","object":"activateWeeklyPrompt/function-source.zip","generation":"1760403516890141"}},"dockerRegistry":"ARTIFACT_REGISTRY","serviceAccount":"projects/redi-1c25e/serviceAccounts/272234540869-compute@developer.gserviceaccount.com","automaticUpdatePolicy":{}},"serviceConfig":{"service":"projects/redi-1c25e/locations/us-central1/services/activateweeklyprompt","timeoutSeconds":60,"environmentVariables":{"FIREBASE_CONFIG":"{\"projectId\":\"redi-1c25e\",\"storageBucket\":\"redi-1c25e.firebasestorage.app\"}","GCLOUD_PROJECT":"redi-1c25e","EVENTARC_CLOUD_EVENT_SOURCE":"projects/redi-1c25e/locations/us-central1/services/activateWeeklyPrompt","FUNCTION_TARGET":"activateWeeklyPrompt","LOG_EXECUTION_ID":"true"},"ingressSettings":"ALLOW_ALL","uri":"https://activateweeklyprompt-dop64ng7oa-uc.a.run.app","serviceAccountEmail":"272234540869-compute@developer.gserviceaccount.com","availableMemory":"256Mi","allTrafficOnLatestRevision":true,"revision":"activateweeklyprompt-00001-rel","maxInstanceRequestConcurrency":80,"availableCpu":"1"},"state":"ACTIVE","labels":{"deployment-tool":"cli-firebase","deployment-scheduled":"true","firebase-functions-hash":"cdbc2eda44ad77afb2489b6958f1dabe9e17fb60"},"environment":"GEN_2","url":"https://us-central1-redi-1c25e.cloudfunctions.net/activateWeeklyPrompt","satisfiesPzi":true},"stages":[{"name":"BUILD","message":"Build in progress","state":"IN_PROGRESS","resource":"projects/272234540869/locations/us-central1/builds/fac71538-58bd-4b73-a062-ae9966647328","resourceUri":"https://console.cloud.google.com/cloud-build/builds;region=us-central1/fac71538-58bd-4b73-a062-ae9966647328?project=272234540869"},{"name":"SERVICE","state":"NOT_STARTED"}],"operationType":"UPDATE_FUNCTION","buildName":"projects/272234540869/locations/us-central1/builds/fac71538-58bd-4b73-a062-ae9966647328"},"done":false}
[debug] [2025-10-14T15:06:45.306Z] [update-default-us-central1-activateWeeklyPrompt] Retrying task index 0
[debug] [2025-10-14T15:06:45.307Z] Checked if tokens are valid: true, expires at: 1760456359016
[debug] [2025-10-14T15:06:45.307Z] Checked if tokens are valid: true, expires at: 1760456359016
[debug] [2025-10-14T15:06:45.307Z] >>> [apiv2][query] GET https://cloudfunctions.googleapis.com/v2/projects/redi-1c25e/locations/us-central1/operations/operation-1760454402343-6411fbb4b80f1-e103fd4f-8aec3ecf [none]
[debug] [2025-10-14T15:06:45.568Z] <<< [apiv2][status] GET https://cloudfunctions.googleapis.com/v2/projects/redi-1c25e/locations/us-central1/operations/operation-1760454402343-6411fbb4b80f1-e103fd4f-8aec3ecf 200
[debug] [2025-10-14T15:06:45.568Z] <<< [apiv2][body] GET https://cloudfunctions.googleapis.com/v2/projects/redi-1c25e/locations/us-central1/operations/operation-1760454402343-6411fbb4b80f1-e103fd4f-8aec3ecf {"name":"projects/redi-1c25e/locations/us-central1/operations/operation-1760454402343-6411fbb4b80f1-e103fd4f-8aec3ecf","metadata":{"@type":"type.googleapis.com/google.cloud.functions.v2.OperationMetadata","createTime":"2025-10-14T15:06:43.306857833Z","target":"projects/redi-1c25e/locations/us-central1/functions/activateWeeklyPrompt","verb":"update","cancelRequested":false,"apiVersion":"v2","requestResource":{"@type":"type.googleapis.com/google.cloud.functions.v2.Function","name":"projects/redi-1c25e/locations/us-central1/functions/activateWeeklyPrompt","buildConfig":{"runtime":"nodejs22","entryPoint":"activateWeeklyPrompt","source":{"storageSource":{"bucket":"gcf-v2-sources-272234540869-us-central1","object":"activateWeeklyPrompt/function-source.zip","generation":"1760454403220032"}},"environmentVariables":{"GOOGLE_NODE_RUN_SCRIPTS":""},"dockerRepository":"projects/redi-1c25e/locations/us-central1/repositories/gcf-artifacts","sourceProvenance":{"resolvedStorageSource":{"bucket":"gcf-v2-sources-272234540869-us-central1","object":"activateWeeklyPrompt/function-source.zip","generation":"1760403516890141"}},"dockerRegistry":"ARTIFACT_REGISTRY","serviceAccount":"projects/redi-1c25e/serviceAccounts/272234540869-compute@developer.gserviceaccount.com","automaticUpdatePolicy":{}},"serviceConfig":{"service":"projects/redi-1c25e/locations/us-central1/services/activateweeklyprompt","timeoutSeconds":60,"environmentVariables":{"FIREBASE_CONFIG":"{\"projectId\":\"redi-1c25e\",\"storageBucket\":\"redi-1c25e.firebasestorage.app\"}","GCLOUD_PROJECT":"redi-1c25e","EVENTARC_CLOUD_EVENT_SOURCE":"projects/redi-1c25e/locations/us-central1/services/activateWeeklyPrompt","FUNCTION_TARGET":"activateWeeklyPrompt","LOG_EXECUTION_ID":"true"},"ingressSettings":"ALLOW_ALL","uri":"https://activateweeklyprompt-dop64ng7oa-uc.a.run.app","serviceAccountEmail":"272234540869-compute@developer.gserviceaccount.com","availableMemory":"256Mi","allTrafficOnLatestRevision":true,"revision":"activateweeklyprompt-00001-rel","maxInstanceRequestConcurrency":80,"availableCpu":"1"},"state":"ACTIVE","labels":{"deployment-tool":"cli-firebase","deployment-scheduled":"true","firebase-functions-hash":"cdbc2eda44ad77afb2489b6958f1dabe9e17fb60"},"environment":"GEN_2","url":"https://us-central1-redi-1c25e.cloudfunctions.net/activateWeeklyPrompt","satisfiesPzi":true},"stages":[{"name":"BUILD","message":"Build in progress","state":"IN_PROGRESS","resource":"projects/272234540869/locations/us-central1/builds/fac71538-58bd-4b73-a062-ae9966647328","resourceUri":"https://console.cloud.google.com/cloud-build/builds;region=us-central1/fac71538-58bd-4b73-a062-ae9966647328?project=272234540869"},{"name":"SERVICE","state":"NOT_STARTED"}],"operationType":"UPDATE_FUNCTION","buildName":"projects/272234540869/locations/us-central1/builds/fac71538-58bd-4b73-a062-ae9966647328"},"done":false}
[debug] [2025-10-14T15:06:47.570Z] [update-default-us-central1-activateWeeklyPrompt] Retrying task index 0
[debug] [2025-10-14T15:06:47.570Z] Checked if tokens are valid: true, expires at: 1760456359016
[debug] [2025-10-14T15:06:47.571Z] Checked if tokens are valid: true, expires at: 1760456359016
[debug] [2025-10-14T15:06:47.571Z] >>> [apiv2][query] GET https://cloudfunctions.googleapis.com/v2/projects/redi-1c25e/locations/us-central1/operations/operation-1760454402343-6411fbb4b80f1-e103fd4f-8aec3ecf [none]
[debug] [2025-10-14T15:06:47.790Z] <<< [apiv2][status] GET https://cloudfunctions.googleapis.com/v2/projects/redi-1c25e/locations/us-central1/operations/operation-1760454402343-6411fbb4b80f1-e103fd4f-8aec3ecf 200
[debug] [2025-10-14T15:06:47.790Z] <<< [apiv2][body] GET https://cloudfunctions.googleapis.com/v2/projects/redi-1c25e/locations/us-central1/operations/operation-1760454402343-6411fbb4b80f1-e103fd4f-8aec3ecf {"name":"projects/redi-1c25e/locations/us-central1/operations/operation-1760454402343-6411fbb4b80f1-e103fd4f-8aec3ecf","metadata":{"@type":"type.googleapis.com/google.cloud.functions.v2.OperationMetadata","createTime":"2025-10-14T15:06:43.306857833Z","target":"projects/redi-1c25e/locations/us-central1/functions/activateWeeklyPrompt","verb":"update","cancelRequested":false,"apiVersion":"v2","requestResource":{"@type":"type.googleapis.com/google.cloud.functions.v2.Function","name":"projects/redi-1c25e/locations/us-central1/functions/activateWeeklyPrompt","buildConfig":{"runtime":"nodejs22","entryPoint":"activateWeeklyPrompt","source":{"storageSource":{"bucket":"gcf-v2-sources-272234540869-us-central1","object":"activateWeeklyPrompt/function-source.zip","generation":"1760454403220032"}},"environmentVariables":{"GOOGLE_NODE_RUN_SCRIPTS":""},"dockerRepository":"projects/redi-1c25e/locations/us-central1/repositories/gcf-artifacts","sourceProvenance":{"resolvedStorageSource":{"bucket":"gcf-v2-sources-272234540869-us-central1","object":"activateWeeklyPrompt/function-source.zip","generation":"1760403516890141"}},"dockerRegistry":"ARTIFACT_REGISTRY","serviceAccount":"projects/redi-1c25e/serviceAccounts/272234540869-compute@developer.gserviceaccount.com","automaticUpdatePolicy":{}},"serviceConfig":{"service":"projects/redi-1c25e/locations/us-central1/services/activateweeklyprompt","timeoutSeconds":60,"environmentVariables":{"FIREBASE_CONFIG":"{\"projectId\":\"redi-1c25e\",\"storageBucket\":\"redi-1c25e.firebasestorage.app\"}","GCLOUD_PROJECT":"redi-1c25e","EVENTARC_CLOUD_EVENT_SOURCE":"projects/redi-1c25e/locations/us-central1/services/activateWeeklyPrompt","FUNCTION_TARGET":"activateWeeklyPrompt","LOG_EXECUTION_ID":"true"},"ingressSettings":"ALLOW_ALL","uri":"https://activateweeklyprompt-dop64ng7oa-uc.a.run.app","serviceAccountEmail":"272234540869-compute@developer.gserviceaccount.com","availableMemory":"256Mi","allTrafficOnLatestRevision":true,"revision":"activateweeklyprompt-00001-rel","maxInstanceRequestConcurrency":80,"availableCpu":"1"},"state":"ACTIVE","labels":{"deployment-tool":"cli-firebase","deployment-scheduled":"true","firebase-functions-hash":"cdbc2eda44ad77afb2489b6958f1dabe9e17fb60"},"environment":"GEN_2","url":"https://us-central1-redi-1c25e.cloudfunctions.net/activateWeeklyPrompt","satisfiesPzi":true},"stages":[{"name":"BUILD","message":"Build in progress","state":"IN_PROGRESS","resource":"projects/272234540869/locations/us-central1/builds/fac71538-58bd-4b73-a062-ae9966647328","resourceUri":"https://console.cloud.google.com/cloud-build/builds;region=us-central1/fac71538-58bd-4b73-a062-ae9966647328?project=272234540869"},{"name":"SERVICE","state":"NOT_STARTED"}],"operationType":"UPDATE_FUNCTION","buildName":"projects/272234540869/locations/us-central1/builds/fac71538-58bd-4b73-a062-ae9966647328"},"done":false}
[debug] [2025-10-14T15:06:51.792Z] [update-default-us-central1-activateWeeklyPrompt] Retrying task index 0
[debug] [2025-10-14T15:06:51.793Z] Checked if tokens are valid: true, expires at: 1760456359016
[debug] [2025-10-14T15:06:51.793Z] Checked if tokens are valid: true, expires at: 1760456359016
[debug] [2025-10-14T15:06:51.793Z] >>> [apiv2][query] GET https://cloudfunctions.googleapis.com/v2/projects/redi-1c25e/locations/us-central1/operations/operation-1760454402343-6411fbb4b80f1-e103fd4f-8aec3ecf [none]
[debug] [2025-10-14T15:06:52.018Z] <<< [apiv2][status] GET https://cloudfunctions.googleapis.com/v2/projects/redi-1c25e/locations/us-central1/operations/operation-1760454402343-6411fbb4b80f1-e103fd4f-8aec3ecf 200
[debug] [2025-10-14T15:06:52.018Z] <<< [apiv2][body] GET https://cloudfunctions.googleapis.com/v2/projects/redi-1c25e/locations/us-central1/operations/operation-1760454402343-6411fbb4b80f1-e103fd4f-8aec3ecf {"name":"projects/redi-1c25e/locations/us-central1/operations/operation-1760454402343-6411fbb4b80f1-e103fd4f-8aec3ecf","metadata":{"@type":"type.googleapis.com/google.cloud.functions.v2.OperationMetadata","createTime":"2025-10-14T15:06:43.306857833Z","target":"projects/redi-1c25e/locations/us-central1/functions/activateWeeklyPrompt","verb":"update","cancelRequested":false,"apiVersion":"v2","requestResource":{"@type":"type.googleapis.com/google.cloud.functions.v2.Function","name":"projects/redi-1c25e/locations/us-central1/functions/activateWeeklyPrompt","buildConfig":{"runtime":"nodejs22","entryPoint":"activateWeeklyPrompt","source":{"storageSource":{"bucket":"gcf-v2-sources-272234540869-us-central1","object":"activateWeeklyPrompt/function-source.zip","generation":"1760454403220032"}},"environmentVariables":{"GOOGLE_NODE_RUN_SCRIPTS":""},"dockerRepository":"projects/redi-1c25e/locations/us-central1/repositories/gcf-artifacts","sourceProvenance":{"resolvedStorageSource":{"bucket":"gcf-v2-sources-272234540869-us-central1","object":"activateWeeklyPrompt/function-source.zip","generation":"1760403516890141"}},"dockerRegistry":"ARTIFACT_REGISTRY","serviceAccount":"projects/redi-1c25e/serviceAccounts/272234540869-compute@developer.gserviceaccount.com","automaticUpdatePolicy":{}},"serviceConfig":{"service":"projects/redi-1c25e/locations/us-central1/services/activateweeklyprompt","timeoutSeconds":60,"environmentVariables":{"FIREBASE_CONFIG":"{\"projectId\":\"redi-1c25e\",\"storageBucket\":\"redi-1c25e.firebasestorage.app\"}","GCLOUD_PROJECT":"redi-1c25e","EVENTARC_CLOUD_EVENT_SOURCE":"projects/redi-1c25e/locations/us-central1/services/activateWeeklyPrompt","FUNCTION_TARGET":"activateWeeklyPrompt","LOG_EXECUTION_ID":"true"},"ingressSettings":"ALLOW_ALL","uri":"https://activateweeklyprompt-dop64ng7oa-uc.a.run.app","serviceAccountEmail":"272234540869-compute@developer.gserviceaccount.com","availableMemory":"256Mi","allTrafficOnLatestRevision":true,"revision":"activateweeklyprompt-00001-rel","maxInstanceRequestConcurrency":80,"availableCpu":"1"},"state":"ACTIVE","labels":{"deployment-tool":"cli-firebase","deployment-scheduled":"true","firebase-functions-hash":"cdbc2eda44ad77afb2489b6958f1dabe9e17fb60"},"environment":"GEN_2","url":"https://us-central1-redi-1c25e.cloudfunctions.net/activateWeeklyPrompt","satisfiesPzi":true},"stages":[{"name":"BUILD","message":"Build in progress","state":"IN_PROGRESS","resource":"projects/272234540869/locations/us-central1/builds/fac71538-58bd-4b73-a062-ae9966647328","resourceUri":"https://console.cloud.google.com/cloud-build/builds;region=us-central1/fac71538-58bd-4b73-a062-ae9966647328?project=272234540869"},{"name":"SERVICE","state":"NOT_STARTED"}],"operationType":"UPDATE_FUNCTION","buildName":"projects/272234540869/locations/us-central1/builds/fac71538-58bd-4b73-a062-ae9966647328"},"done":false}
[debug] [2025-10-14T15:07:00.020Z] [update-default-us-central1-activateWeeklyPrompt] Retrying task index 0
[debug] [2025-10-14T15:07:00.020Z] Checked if tokens are valid: true, expires at: 1760456359016
[debug] [2025-10-14T15:07:00.020Z] Checked if tokens are valid: true, expires at: 1760456359016
[debug] [2025-10-14T15:07:00.020Z] >>> [apiv2][query] GET https://cloudfunctions.googleapis.com/v2/projects/redi-1c25e/locations/us-central1/operations/operation-1760454402343-6411fbb4b80f1-e103fd4f-8aec3ecf [none]
[debug] [2025-10-14T15:07:00.489Z] <<< [apiv2][status] GET https://cloudfunctions.googleapis.com/v2/projects/redi-1c25e/locations/us-central1/operations/operation-1760454402343-6411fbb4b80f1-e103fd4f-8aec3ecf 200
[debug] [2025-10-14T15:07:00.489Z] <<< [apiv2][body] GET https://cloudfunctions.googleapis.com/v2/projects/redi-1c25e/locations/us-central1/operations/operation-1760454402343-6411fbb4b80f1-e103fd4f-8aec3ecf {"name":"projects/redi-1c25e/locations/us-central1/operations/operation-1760454402343-6411fbb4b80f1-e103fd4f-8aec3ecf","metadata":{"@type":"type.googleapis.com/google.cloud.functions.v2.OperationMetadata","createTime":"2025-10-14T15:06:43.306857833Z","target":"projects/redi-1c25e/locations/us-central1/functions/activateWeeklyPrompt","verb":"update","cancelRequested":false,"apiVersion":"v2","requestResource":{"@type":"type.googleapis.com/google.cloud.functions.v2.Function","name":"projects/redi-1c25e/locations/us-central1/functions/activateWeeklyPrompt","buildConfig":{"runtime":"nodejs22","entryPoint":"activateWeeklyPrompt","source":{"storageSource":{"bucket":"gcf-v2-sources-272234540869-us-central1","object":"activateWeeklyPrompt/function-source.zip","generation":"1760454403220032"}},"environmentVariables":{"GOOGLE_NODE_RUN_SCRIPTS":""},"dockerRepository":"projects/redi-1c25e/locations/us-central1/repositories/gcf-artifacts","sourceProvenance":{"resolvedStorageSource":{"bucket":"gcf-v2-sources-272234540869-us-central1","object":"activateWeeklyPrompt/function-source.zip","generation":"1760403516890141"}},"dockerRegistry":"ARTIFACT_REGISTRY","serviceAccount":"projects/redi-1c25e/serviceAccounts/272234540869-compute@developer.gserviceaccount.com","automaticUpdatePolicy":{}},"serviceConfig":{"service":"projects/redi-1c25e/locations/us-central1/services/activateweeklyprompt","timeoutSeconds":60,"environmentVariables":{"FIREBASE_CONFIG":"{\"projectId\":\"redi-1c25e\",\"storageBucket\":\"redi-1c25e.firebasestorage.app\"}","GCLOUD_PROJECT":"redi-1c25e","EVENTARC_CLOUD_EVENT_SOURCE":"projects/redi-1c25e/locations/us-central1/services/activateWeeklyPrompt","FUNCTION_TARGET":"activateWeeklyPrompt","LOG_EXECUTION_ID":"true"},"ingressSettings":"ALLOW_ALL","uri":"https://activateweeklyprompt-dop64ng7oa-uc.a.run.app","serviceAccountEmail":"272234540869-compute@developer.gserviceaccount.com","availableMemory":"256Mi","allTrafficOnLatestRevision":true,"revision":"activateweeklyprompt-00001-rel","maxInstanceRequestConcurrency":80,"availableCpu":"1"},"state":"ACTIVE","labels":{"deployment-tool":"cli-firebase","deployment-scheduled":"true","firebase-functions-hash":"cdbc2eda44ad77afb2489b6958f1dabe9e17fb60"},"environment":"GEN_2","url":"https://us-central1-redi-1c25e.cloudfunctions.net/activateWeeklyPrompt","satisfiesPzi":true},"stages":[{"name":"BUILD","message":"Build in progress","state":"IN_PROGRESS","resource":"projects/272234540869/locations/us-central1/builds/fac71538-58bd-4b73-a062-ae9966647328","resourceUri":"https://console.cloud.google.com/cloud-build/builds;region=us-central1/fac71538-58bd-4b73-a062-ae9966647328?project=272234540869"},{"name":"SERVICE","state":"NOT_STARTED"}],"operationType":"UPDATE_FUNCTION","buildName":"projects/272234540869/locations/us-central1/builds/fac71538-58bd-4b73-a062-ae9966647328"},"done":false}
